<?xml version="1.0" encoding="UTF-8"?>
<!-- Generated by org.testng.reporters.JUnitXMLReporter -->
<testsuite ignored="0" hostname="BTWINx3JiTTTbXt" failures="0" tests="3" name="Default test" time="30.234" errors="0" timestamp="2022-10-08T15:06:49 IST">
  <testcase classname="TestScenarios.TestMethods_GoogleSearch" name="searchOperation" time="10.288"/>
  <testcase classname="TestScenarios.TestMethods_GoogleSearch" name="clickStackoverFlow" time="2.376"/>
  <testcase classname="TestScenarios.TestMethods_GoogleSearch" name="verifyLogin" time="8.723"/>
</testsuite> <!-- Default test -->
